# JRE version: OpenJDK Runtime Environment (8.0_112-b06) (build 1.8.0_112-release-b06)
# Java VM: OpenJDK 64-Bit Server VM (25.112-b06 mixed mode windows-amd64 compressed oops)
Heap:
 PSYoungGen      total 321024K, used 233351K [0x00000000e0000000, 0x00000000f8a00000, 0x0000000100000000)
  eden space 309760K, 71% used [0x00000000e0000000,0x00000000ed91dff8,0x00000000f2e80000)
  from space 11264K, 97% used [0x00000000f7f00000,0x00000000f89c3e60,0x00000000f8a00000)
  to   space 26112K, 0% used [0x00000000f5700000,0x00000000f5700000,0x00000000f7080000)
 ParOldGen       total 190976K, used 56376K [0x00000000a0000000, 0x00000000aba80000, 0x00000000e0000000)
  object space 190976K, 29% used [0x00000000a0000000,0x00000000a370e358,0x00000000aba80000)
 Metaspace       used 80937K, capacity 85674K, committed 85760K, reserved 1124352K
  class space    used 10211K, capacity 10959K, committed 11008K, reserved 1048576K
GC Heap History (10 events):
Event: 7238.521 GC heap before
{Heap before GC invocations=26 (full 4):
 PSYoungGen      total 285696K, used 285441K [0x00000000e0000000, 0x00000000f6880000, 0x0000000100000000)
  eden space 275968K, 99% used [0x00000000e0000000,0x00000000f0d62300,0x00000000f0d80000)
  from space 9728K, 98% used [0x00000000f3b00000,0x00000000f445e368,0x00000000f4480000)
  to   space 26112K, 0% used [0x00000000f4f00000,0x00000000f4f00000,0x00000000f6880000)
 ParOldGen       total 190976K, used 56344K [0x00000000a0000000, 0x00000000aba80000, 0x00000000e0000000)
  object space 190976K, 29% used [0x00000000a0000000,0x00000000a3706358,0x00000000aba80000)
 Metaspace       used 79423K, capacity 83594K, committed 83840K, reserved 1122304K
  class space    used 10096K, capacity 10757K, committed 10880K, reserved 1048576K
Event: 7238.535 GC heap after
Heap after GC invocations=26 (full 4):
 PSYoungGen      total 277504K, used 10627K [0x00000000e0000000, 0x00000000f5980000, 0x0000000100000000)
  eden space 266752K, 0% used [0x00000000e0000000,0x00000000e0000000,0x00000000f0480000)
  from space 10752K, 98% used [0x00000000f4f00000,0x00000000f5960dd8,0x00000000f5980000)
  to   space 24576K, 0% used [0x00000000f2980000,0x00000000f2980000,0x00000000f4180000)
 ParOldGen       total 190976K, used 56352K [0x00000000a0000000, 0x00000000aba80000, 0x00000000e0000000)
  object space 190976K, 29% used [0x00000000a0000000,0x00000000a3708358,0x00000000aba80000)
 Metaspace       used 79423K, capacity 83594K, committed 83840K, reserved 1122304K
  class space    used 10096K, capacity 10757K, committed 10880K, reserved 1048576K
}
Event: 7243.277 GC heap before
{Heap before GC invocations=27 (full 4):
 PSYoungGen      total 277504K, used 277379K [0x00000000e0000000, 0x00000000f5980000, 0x0000000100000000)
  eden space 266752K, 100% used [0x00000000e0000000,0x00000000f0480000,0x00000000f0480000)
  from space 10752K, 98% used [0x00000000f4f00000,0x00000000f5960dd8,0x00000000f5980000)
  to   space 24576K, 0% used [0x00000000f2980000,0x00000000f2980000,0x00000000f4180000)
 ParOldGen       total 190976K, used 56352K [0x00000000a0000000, 0x00000000aba80000, 0x00000000e0000000)
  object space 190976K, 29% used [0x00000000a0000000,0x00000000a3708358,0x00000000aba80000)
 Metaspace       used 79824K, capacity 84032K, committed 84352K, reserved 1122304K
  class space    used 10116K, capacity 10770K, committed 10880K, reserved 1048576K
Event: 7243.356 GC heap after
Heap after GC invocations=27 (full 4):
 PSYoungGen      total 329216K, used 21050K [0x00000000e0000000, 0x00000000f6f00000, 0x0000000100000000)
  eden space 304640K, 0% used [0x00000000e0000000,0x00000000e0000000,0x00000000f2980000)
  from space 24576K, 85% used [0x00000000f2980000,0x00000000f3e0eba0,0x00000000f4180000)
  to   space 27136K, 0% used [0x00000000f5480000,0x00000000f5480000,0x00000000f6f00000)
 ParOldGen       total 190976K, used 56360K [0x00000000a0000000, 0x00000000aba80000, 0x00000000e0000000)
  object space 190976K, 29% used [0x00000000a0000000,0x00000000a370a358,0x00000000aba80000)
 Metaspace       used 79824K, capacity 84032K, committed 84352K, reserved 1122304K
  class space    used 10116K, capacity 10770K, committed 10880K, reserved 1048576K
}
Event: 7247.978 GC heap before
{Heap before GC invocations=28 (full 4):
 PSYoungGen      total 329216K, used 325690K [0x00000000e0000000, 0x00000000f6f00000, 0x0000000100000000)
  eden space 304640K, 100% used [0x00000000e0000000,0x00000000f2980000,0x00000000f2980000)
  from space 24576K, 85% used [0x00000000f2980000,0x00000000f3e0eba0,0x00000000f4180000)
  to   space 27136K, 0% used [0x00000000f5480000,0x00000000f5480000,0x00000000f6f00000)
 ParOldGen       total 190976K, used 56360K [0x00000000a0000000, 0x00000000aba80000, 0x00000000e0000000)
  object space 190976K, 29% used [0x00000000a0000000,0x00000000a370a358,0x00000000aba80000)
 Metaspace       used 79990K, capacity 84246K, committed 84608K, reserved 1122304K
  class space    used 10118K, capacity 10773K, committed 10880K, reserved 1048576K
Event: 7248.009 GC heap after
Heap after GC invocations=28 (full 4):
 PSYoungGen      total 348160K, used 18484K [0x00000000e0000000, 0x00000000f9d80000, 0x0000000100000000)
  eden space 321024K, 0% used [0x00000000e0000000,0x00000000e0000000,0x00000000f3980000)
  from space 27136K, 68% used [0x00000000f5480000,0x00000000f668d3d0,0x00000000f6f00000)
  to   space 27648K, 0% used [0x00000000f3980000,0x00000000f3980000,0x00000000f5480000)
 ParOldGen       total 190976K, used 56368K [0x00000000a0000000, 0x00000000aba80000, 0x00000000e0000000)
  object space 190976K, 29% used [0x00000000a0000000,0x00000000a370c358,0x00000000aba80000)
 Metaspace       used 79990K, capacity 84246K, committed 84608K, reserved 1122304K
  class space    used 10118K, capacity 10773K, committed 10880K, reserved 1048576K
}
Event: 7669.518 GC heap before
{Heap before GC invocations=29 (full 4):
 PSYoungGen      total 348160K, used 339508K [0x00000000e0000000, 0x00000000f9d80000, 0x0000000100000000)
  eden space 321024K, 100% used [0x00000000e0000000,0x00000000f3980000,0x00000000f3980000)
  from space 27136K, 68% used [0x00000000f5480000,0x00000000f668d3d0,0x00000000f6f00000)
  to   space 27648K, 0% used [0x00000000f3980000,0x00000000f3980000,0x00000000f5480000)
 ParOldGen       total 190976K, used 56368K [0x00000000a0000000, 0x00000000aba80000, 0x00000000e0000000)
  object space 190976K, 29% used [0x00000000a0000000,0x00000000a370c358,0x00000000aba80000)
 Metaspace       used 80015K, capacity 84250K, committed 84608K, reserved 1122304K
  class space    used 10118K, capacity 10773K, committed 10880K, reserved 1048576K
Event: 7669.622 GC heap after
Heap after GC invocations=29 (full 4):
 PSYoungGen      total 348672K, used 6354K [0x00000000e0000000, 0x00000000f9a00000, 0x0000000100000000)
  eden space 321024K, 0% used [0x00000000e0000000,0x00000000e0000000,0x00000000f3980000)
  from space 27648K, 22% used [0x00000000f3980000,0x00000000f3fb48b0,0x00000000f5480000)
  to   space 27648K, 0% used [0x00000000f7f00000,0x00000000f7f00000,0x00000000f9a00000)
 ParOldGen       total 190976K, used 56368K [0x00000000a0000000, 0x00000000aba80000, 0x00000000e0000000)
  object space 190976K, 29% used [0x00000000a0000000,0x00000000a370c358,0x00000000aba80000)
 Metaspace       used 80015K, capacity 84250K, committed 84608K, reserved 1122304K
  class space    used 10118K, capacity 10773K, committed 10880K, reserved 1048576K
}
Event: 11135.189 GC heap before
{Heap before GC invocations=30 (full 4):
 PSYoungGen      total 348672K, used 327378K [0x00000000e0000000, 0x00000000f9a00000, 0x0000000100000000)
  eden space 321024K, 100% used [0x00000000e0000000,0x00000000f3980000,0x00000000f3980000)
  from space 27648K, 22% used [0x00000000f3980000,0x00000000f3fb48b0,0x00000000f5480000)
  to   space 27648K, 0% used [0x00000000f7f00000,0x00000000f7f00000,0x00000000f9a00000)
 ParOldGen       total 190976K, used 56368K [0x00000000a0000000, 0x00000000aba80000, 0x00000000e0000000)
  object space 190976K, 29% used [0x00000000a0000000,0x00000000a370c358,0x00000000aba80000)
 Metaspace       used 80610K, capacity 85256K, committed 85504K, reserved 1124352K
  class space    used 10193K, capacity 10916K, committed 11008K, reserved 1048576K
Event: 11135.305 GC heap after
Heap after GC invocations=30 (full 4):
 PSYoungGen      total 321024K, used 11023K [0x00000000e0000000, 0x00000000f8a00000, 0x0000000100000000)
  eden space 309760K, 0% used [0x00000000e0000000,0x00000000e0000000,0x00000000f2e80000)
  from space 11264K, 97% used [0x00000000f7f00000,0x00000000f89c3e60,0x00000000f8a00000)
  to   space 26112K, 0% used [0x00000000f5700000,0x00000000f5700000,0x00000000f7080000)
 ParOldGen       total 190976K, used 56376K [0x00000000a0000000, 0x00000000aba80000, 0x00000000e0000000)
  object space 190976K, 29% used [0x00000000a0000000,0x00000000a370e358,0x00000000aba80000)
 Metaspace       used 80610K, capacity 85256K, committed 85504K, reserved 1124352K
  class space    used 10193K, capacity 10916K, committed 11008K, reserved 1048576K
}

